ERROR main JDSMigration.Inward - Could not find inward reason spl pub (jil)
ERROR main JDSMigration.Inward - City, State, District and Country not found, will append Dosa, raj to remarks: 12A-00057
ERROR main JDSMigration.Inward - City, State, District and Country not found, will append Beed to remarks: 12A-00058
ERROR main JDSMigration.Inward - City, State, District and Country not found, will append Bela to remarks: 12A-00060
ERROR main JDSMigration.Inward - City, State, District and Country not found, will append Rigad to remarks: 12A-00076
ERROR main JDSMigration.Inward - City, State, District and Country not found, will append RR Dist to remarks: 12A-00077
ERROR main JDSMigration.Inward - City, State, District and Country not found, will append Banpur to remarks: 12A-00079
ERROR main JDSMigration.Inward - City, State, District and Country not found, will append Palanpur to remarks: 12A-00081
ERROR main JDSMigration.Inward - City, State, District and Country not found, will append Kadi to remarks: 12A-00084
ERROR main JDSMigration.Inward - City, State, District and Country not found, will append Himatnagar to remarks: 12A-00086
ERROR main JDSMigration.Inward - City, State, District and Country not found, will append Wadhwan to remarks: 12A-00092
ERROR main JDSMigration.Inward - City, State, District and Country not found, will append Bhivaram to remarks: 12A-00098
ERROR main JDSMigration.Inward - City, State, District and Country not found, will append Surampalem to remarks: 12A-00105
ERROR main JDSMigration.Inward - City, State, District and Country not found, will append Kherva to remarks: 12A-00107
ERROR main JDSMigration.Inward - City, State, District and Country not found, will append Karimbam to remarks: 12A-00108
ERROR main JDSMigration.Inward - City, State, District and Country not found, will append  to remarks: 12A-00116
ERROR main JDSMigration.Inward - City, State, District and Country not found, will append Narasaraopet to remarks: 12A-00119
ERROR main JDSMigration.Inward - City, State, District and Country not found, will append Tanjore to remarks: 12A-00121
ERROR main JDSMigration.Inward - City, State, District and Country not found, will append Raj to remarks: 12A-00135
ERROR main JDSMigration.Inward - City, State, District and Country not found, will append Gondia to remarks: 12A-00139
ERROR main JDSMigration.Inward - City, State, District and Country not found, will append Gomtinagar to remarks: 12A-00145
ERROR main JDSMigration.Inward - City, State, District and Country not found, will append Ohio to remarks: 12A-00152
ERROR main JDSMigration.Inward - City, State, District and Country not found, will append Sansora to remarks: 12A-00156
ERROR main JDSMigration.Inward - City, State, District and Country not found, will append Katemanivali to remarks: 12A-00162
ERROR main JDSMigration.Inward - City, State, District and Country not found, will append Chittur to remarks: 12A-00168
ERROR main JDSMigration.Inward - Could not find inward reason permission fee
ERROR main JDSMigration.Inward - City, State, District and Country not found, will append Narayangaon to remarks: 12A-00184
ERROR main JDSMigration.Inward - City, State, District and Country not found, will append Nuzvid to remarks: 12A-00200
ERROR main JDSMigration.Inward - City, State, District and Country not found, will append Jobner to remarks: 12A-00202
ERROR main JDSMigration.Inward - City, State, District and Country not found, will append Namakal to remarks: 12A-00225
ERROR main JDSMigration.Inward - City, State, District and Country not found, will append Harapanahalli to remarks: 12A-00231
ERROR main JDSMigration.Inward - City, State, District and Country not found, will append Karad to remarks: 12A-00240
ERROR main JDSMigration.Inward - City, State, District and Country not found, will append Nawanshahr to remarks: 12A-00243
ERROR main JDSMigration.Inward - City, State, District and Country not found, will append Irinjalakuda to remarks: 12A-00249
ERROR main JDSMigration.Inward - Could not find inward reason bv
ERROR main JDSMigration.Inward - City, State, District and Country not found, will append Nasik to remarks: 12A-00254
ERROR main JDSMigration.Inward - City, State, District and Country not found, will append Devlali to remarks: 12A-00257
ERROR main JDSMigration.Inward - City, State, District and Country not found, will append Raigad to remarks: 12A-00261
ERROR main JDSMigration.Inward - City, State, District and Country not found, will append  to remarks: 12A-00262
ERROR main JDSMigration.Inward - City, State, District and Country not found, will append Proddarur to remarks: 12A-00264
ERROR main JDSMigration.Inward - Could not find inward reason fellowship
ERROR main JDSMigration.Inward - City, State, District and Country not found, will append Palamaner to remarks: 12A-00267
ERROR main JDSMigration.Inward - City, State, District and Country not found, will append Rajpura to remarks: 12A-00269
ERROR main JDSMigration.Inward - City, State, District and Country not found, will append Shrirampur to remarks: 12A-00280
ERROR main JDSMigration.Inward - City, State, District and Country not found, will append Ahole to remarks: 12A-00281
ERROR main JDSMigration.Inward - City, State, District and Country not found, will append Sangamner to remarks: 12A-00286
ERROR main JDSMigration.Inward - City, State, District and Country not found, will append Paiyanoor to remarks: 12A-00288
ERROR main JDSMigration.Inward - City, State, District and Country not found, will append Vittal to remarks: 12A-00290
ERROR main JDSMigration.Inward - City, State, District and Country not found, will append Mayiladuthurai to remarks: 12A-00292
ERROR main JDSMigration.Inward - City, State, District and Country not found, will append Mumdgod to remarks: 12A-00296
ERROR main JDSMigration.Inward - City, State, District and Country not found, will append Aannampandal to remarks: 12A-00297
ERROR main JDSMigration.Inward - City, State, District and Country not found, will append Adoni to remarks: 12A-00302
ERROR main JDSMigration.Inward - City, State, District and Country not found, will append Palai to remarks: 12A-00303
ERROR main JDSMigration.Inward - City, State, District and Country not found, will append Advertisement to remarks: 12A-00313
ERROR main JDSMigration.Inward - City, State, District and Country not found, will append Kangayam to remarks: 12A-00335
ERROR main JDSMigration.Inward - City, State, District and Country not found, will append Kavaraipettai to remarks: 12A-00336
ERROR main JDSMigration.Inward - Could not find inward reason fellowship
ERROR main JDSMigration.Inward - City, State, District and Country not found, will append Miraj to remarks: 12A-00343
ERROR main JDSMigration.Inward - City, State, District and Country not found, will append Rajas to remarks: 12A-00344
ERROR main JDSMigration.Inward - City, State, District and Country not found, will append Nasik to remarks: 12A-00358
ERROR main JDSMigration.Inward - City, State, District and Country not found, will append Ahmdabad to remarks: 12A-00359
ERROR main JDSMigration.Inward - City, State, District and Country not found, will append Mahabunnagar to remarks: 12A-00361
ERROR main JDSMigration.Inward - City, State, District and Country not found, will append Medinipur to remarks: 12A-00363
ERROR main JDSMigration.Inward - City, State, District and Country not found, will append Burdwan to remarks: 12A-00368
ERROR main JDSMigration.Inward - City, State, District and Country not found, will append Palani to remarks: 12A-00370
ERROR main JDSMigration.Inward - City, State, District and Country not found, will append Salematore to remarks: 12A-00373
ERROR main JDSMigration.Inward - City, State, District and Country not found, will append Wayananad to remarks: 12A-00374
ERROR main JDSMigration.Inward - City, State, District and Country not found, will append Raj to remarks: 12A-00388
ERROR main JDSMigration.Inward - City, State, District and Country not found, will append Vlsad to remarks: 12A-00394
ERROR main JDSMigration.Inward - City, State, District and Country not found, will append Rajapalayam to remarks: 12A-00396
ERROR main JDSMigration.Inward - City, State, District and Country not found, will append Ilkal to remarks: 12A-00397
ERROR main JDSMigration.Inward - City, State, District and Country not found, will append Naraspur to remarks: 12A-00400
ERROR main JDSMigration.Inward - City, State, District and Country not found, will append Kadapa to remarks: 12A-00404
ERROR main JDSMigration.Inward - City, State, District and Country not found, will append Dhamangaon to remarks: 12A-00418
ERROR main JDSMigration.Inward - City, State, District and Country not found, will append Palampur to remarks: 12A-00432
ERROR main JDSMigration.Inward - City, State, District and Country not found, will append Bhilwada to remarks: 12A-00434
ERROR main JDSMigration.Inward - City, State, District and Country not found, will append Varnasi to remarks: 12A-00440
ERROR main JDSMigration.Inward - City, State, District and Country not found, will append Amalner to remarks: 12A-00441
ERROR main JDSMigration.Inward - Could not find inward reason fellowship
ERROR main JDSMigration.Inward - Could not find inward reason fellowship
ERROR main JDSMigration.Inward - City, State, District and Country not found, will append Mundakkal to remarks: 12A-00448
ERROR main JDSMigration.Inward - City, State, District and Country not found, will append  to remarks: 12A-00455
ERROR main JDSMigration.Inward - Could not find inward reason fellowship
ERROR main JDSMigration.Inward - Could not find inward reason fellowship
ERROR main JDSMigration.Inward - City, State, District and Country not found, will append Port Blair to remarks: 12A-00466
ERROR main JDSMigration.Inward - City, State, District and Country not found, will append Prakasm to remarks: 12A-00474
ERROR main JDSMigration.Inward - City, State, District and Country not found, will append Tiruvallur to remarks: 12A-00483
ERROR main JDSMigration.Inward - City, State, District and Country not found, will append Behar to remarks: 12A-00491
ERROR main JDSMigration.Inward - City, State, District and Country not found, will append Dhanabad to remarks: 12A-00492
ERROR main JDSMigration.Inward - City, State, District and Country not found, will append Indapur to remarks: 12A-00494
ERROR main JDSMigration.Inward - City, State, District and Country not found, will append Subrahmanya to remarks: 12A-00495
ERROR main JDSMigration.Inward - City, State, District and Country not found, will append Perumbavoor to remarks: 12A-00496
ERROR main JDSMigration.Inward - City, State, District and Country not found, will append DK to remarks: 12A-00497
ERROR main JDSMigration.Inward - City, State, District and Country not found, will append Eg to remarks: 12A-00500
ERROR main JDSMigration.Inward - City, State, District and Country not found, will append 24 Parganas to remarks: 12A-00510
ERROR main JDSMigration.Inward - City, State, District and Country not found, will append Sirsi to remarks: 12A-00516
ERROR main JDSMigration.Inward - City, State, District and Country not found, will append Arunapuram PO to remarks: 12A-00519
ERROR main JDSMigration.Inward - City, State, District and Country not found, will append Nadiad to remarks: 12A-00525
ERROR main JDSMigration.Inward - City, State, District and Country not found, will append Baramati to remarks: 12A-00526
ERROR main JDSMigration.Inward - City, State, District and Country not found, will append Shilong to remarks: 12A-00534
ERROR main JDSMigration.Inward - City, State, District and Country not found, will append Karaikudi to remarks: 12A-00535
ERROR main JDSMigration.Inward - City, State, District and Country not found, will append Burdwan to remarks: 12A-00537
ERROR main JDSMigration.Inward - City, State, District and Country not found, will append Kuwait to remarks: 12A-00542
ERROR main JDSMigration.Inward - Could not find inward reason royality
ERROR main JDSMigration.Inward - City, State, District and Country not found, will append Roorkee to remarks: 12A-00552
ERROR main JDSMigration.Inward - City, State, District and Country not found, will append Sharjah to remarks: 12A-00553
ERROR main JDSMigration.Inward - City, State, District and Country not found, will append Amalapuram to remarks: 12A-00556
ERROR main JDSMigration.Inward - City, State, District and Country not found, will append RR Dist to remarks: 12A-00557
ERROR main JDSMigration.Inward - Could not find inward reason bv for curr
ERROR main JDSMigration.Inward - City, State, District and Country not found, will append Narukara to remarks: 12A-00561
ERROR main JDSMigration.Inward - City, State, District and Country not found, will append Gurudaspur to remarks: 12A-00565
ERROR main JDSMigration.Inward - City, State, District and Country not found, will append Eluru to remarks: 12A-00567
ERROR main JDSMigration.Inward - City, State, District and Country not found, will append Karaikudi to remarks: 12A-00571
ERROR main JDSMigration.Inward - City, State, District and Country not found, will append OOty to remarks: 12A-00577
ERROR main JDSMigration.Inward - City, State, District and Country not found, will append Yadgir to remarks: 12A-00582
ERROR main JDSMigration.Inward - City, State, District and Country not found, will append  to remarks: 12A-00584
ERROR main JDSMigration.Inward - Could not find inward reason fellowship
ERROR main JDSMigration.Inward - Could not find inward reason fellowship
ERROR main JDSMigration.Inward - Could not find inward reason fellowship
ERROR main JDSMigration.Inward - Could not find inward reason fellowship
ERROR main JDSMigration.Inward - Could not find inward reason fellowship
ERROR main JDSMigration.Inward - Could not find inward reason fellowship
ERROR main JDSMigration.Inward - Could not find inward reason fellowship
ERROR main JDSMigration.Inward - City, State, District and Country not found, will append Cantt to remarks: 12A-00610
ERROR main JDSMigration.Inward - City, State, District and Country not found, will append Billmora to remarks: 12A-00620
ERROR main JDSMigration.Inward - City, State, District and Country not found, will append Kuttippuram to remarks: 12A-00624
ERROR main JDSMigration.Inward - City, State, District and Country not found, will append Kopargaon to remarks: 12A-00630
ERROR main JDSMigration.Inward - City, State, District and Country not found, will append Beed to remarks: 12A-00636
ERROR main JDSMigration.Inward - City, State, District and Country not found, will append T N to remarks: 12A-00640
ERROR main JDSMigration.Inward - City, State, District and Country not found, will append Chikmangalur to remarks: 12A-00641
ERROR main JDSMigration.Inward - City, State, District and Country not found, will append Mulki to remarks: 12A-00642
ERROR main JDSMigration.Inward - City, State, District and Country not found, will append Kopargaon to remarks: 12A-00650
ERROR main JDSMigration.Inward - City, State, District and Country not found, will append Jaysingpur to remarks: 12A-00654
ERROR main JDSMigration.Inward - City, State, District and Country not found, will append Sabarkantha to remarks: 12A-00663
ERROR main JDSMigration.Inward - City, State, District and Country not found, will append Ibrahimpatan to remarks: 12A-00669
ERROR main JDSMigration.Inward - City, State, District and Country not found, will append Saswad to remarks: 12A-00674
ERROR main JDSMigration.Inward - City, State, District and Country not found, will append Bakewar to remarks: 12A-00680
ERROR main JDSMigration.Inward - City, State, District and Country not found, will append Sivagiri to remarks: 12A-00682
ERROR main JDSMigration.Inward - City, State, District and Country not found, will append Dudulgaon to remarks: 12A-00687
ERROR main JDSMigration.Inward - City, State, District and Country not found, will append Dhampur to remarks: 12A-00689
ERROR main JDSMigration.Inward - City, State, District and Country not found, will append Periyakulam to remarks: 12A-00690
ERROR main JDSMigration.Inward - City, State, District and Country not found, will append Pedavegi to remarks: 12A-00693
ERROR main JDSMigration.Inward - City, State, District and Country not found, will append Jhunjhunu to remarks: 12A-00695
ERROR main JDSMigration.Inward - City, State, District and Country not found, will append Eluru to remarks: 12A-00696
ERROR main JDSMigration.Inward - City, State, District and Country not found, will append Tuticorin to remarks: 12A-00704
ERROR main JDSMigration.Inward - City, State, District and Country not found, will append Moodbidri to remarks: 12A-00712
ERROR main JDSMigration.Inward - City, State, District and Country not found, will append Kanchipuram to remarks: 12A-00714
ERROR main JDSMigration.Inward - City, State, District and Country not found, will append Sivagangai to remarks: 12A-00717
ERROR main JDSMigration.Inward - City, State, District and Country not found, will append Barisha to remarks: 12A-00718
ERROR main JDSMigration.Inward - City, State, District and Country not found, will append Mangalagangotri to remarks: 12A-00723
ERROR main JDSMigration.Inward - City, State, District and Country not found, will append Tiruchirapalli to remarks: 12A-00730
ERROR main JDSMigration.Inward - City, State, District and Country not found, will append Pilani to remarks: 12A-00735
ERROR main JDSMigration.Inward - City, State, District and Country not found, will append Portblair to remarks: 12A-00737
ERROR main JDSMigration.Inward - City, State, District and Country not found, will append Silchar to remarks: 12A-00748
ERROR main JDSMigration.Inward - City, State, District and Country not found, will append Sattur to remarks: 12A-00752
ERROR main JDSMigration.Inward - City, State, District and Country not found, will append Pollachi to remarks: 12A-00763
ERROR main JDSMigration.Inward - City, State, District and Country not found, will append Tuticorin to remarks: 12A-00768
ERROR main JDSMigration.Inward - City, State, District and Country not found, will append Chandori to remarks: 12A-00778
ERROR main JDSMigration.Inward - City, State, District and Country not found, will append Karaikudi to remarks: 12A-00785
ERROR main JDSMigration.Inward - City, State, District and Country not found, will append Medhak to remarks: 12A-00793
ERROR main JDSMigration.Inward - City, State, District and Country not found, will append Eluru to remarks: 12A-00795
ERROR main JDSMigration.Inward - City, State, District and Country not found, will append Katol to remarks: 12A-00800
ERROR main JDSMigration.Inward - City, State, District and Country not found, will append Ropar to remarks: 12A-00806
ERROR main JDSMigration.Inward - City, State, District and Country not found, will append  to remarks: 12A-00809
ERROR main JDSMigration.Inward - Could not find inward reason fellowship
ERROR main JDSMigration.Inward - City, State, District and Country not found, will append  to remarks: 12A-00812
ERROR main JDSMigration.Inward - City, State, District and Country not found, will append Jhunjhunu to remarks: 12A-00824
ERROR main JDSMigration.Inward - City, State, District and Country not found, will append Palayamkottai to remarks: 12A-00826
ERROR main JDSMigration.Inward - City, State, District and Country not found, will append Shivamogga to remarks: 12A-00830
ERROR main JDSMigration.Inward - City, State, District and Country not found, will append Ndia to remarks: 12A-00838
ERROR main JDSMigration.Inward - City, State, District and Country not found, will append Burdwan to remarks: 12A-00846
ERROR main JDSMigration.Inward - City, State, District and Country not found, will append Marwar to remarks: 12A-00858
ERROR main JDSMigration.Inward - City, State, District and Country not found, will append Moolamattom to remarks: 12A-00870
ERROR main JDSMigration.Inward - City, State, District and Country not found, will append Devagiri to remarks: 12A-00874
ERROR main JDSMigration.Inward - City, State, District and Country not found, will append Shillong to remarks: 12A-00875
ERROR main JDSMigration.Inward - City, State, District and Country not found, will append Paliikkunnu to remarks: 12A-00876
ERROR main JDSMigration.Inward - City, State, District and Country not found, will append Karad to remarks: 12A-00889
ERROR main JDSMigration.Inward - City, State, District and Country not found, will append Tirupattur to remarks: 12A-00890
ERROR main JDSMigration.Inward - City, State, District and Country not found, will append Nitte to remarks: 12A-00892
ERROR main JDSMigration.Inward - City, State, District and Country not found, will append Nivem to remarks: 12A-00895
ERROR main JDSMigration.Inward - City, State, District and Country not found, will append Sirmour to remarks: 12A-00896
ERROR main JDSMigration.Inward - City, State, District and Country not found, will append Gangtok to remarks: 12A-00899
ERROR main JDSMigration.Inward - Could not find inward reason fellowship
ERROR main JDSMigration.Inward - Could not find inward reason felloship
ERROR main JDSMigration.Inward - City, State, District and Country not found, will append Guntakal to remarks: 12A-00908
ERROR main JDSMigration.Inward - City, State, District and Country not found, will append Sillod to remarks: 12A-00910
ERROR main JDSMigration.Inward - City, State, District and Country not found, will append Sangali to remarks: 12A-00911
ERROR main JDSMigration.Inward - City, State, District and Country not found, will append Kanya Kumari to remarks: 12A-00913
ERROR main JDSMigration.Inward - City, State, District and Country not found, will append Tiruchirapalli to remarks: 12A-00915
ERROR main JDSMigration.Inward - City, State, District and Country not found, will append Tuticorin to remarks: 12A-00916
ERROR main JDSMigration.Inward - Could not find inward reason fellowship
ERROR main JDSMigration.Inward - City, State, District and Country not found, will append Coimbaote to remarks: 12A-00932
ERROR main JDSMigration.Inward - City, State, District and Country not found, will append Sirmour to remarks: 12A-00939
ERROR main JDSMigration.Inward - City, State, District and Country not found, will append Tiruvallur to remarks: 12A-00942
ERROR main JDSMigration.Inward - City, State, District and Country not found, will append Kottarakara to remarks: 12A-00946
ERROR main JDSMigration.Inward - City, State, District and Country not found, will append Prasanthi to remarks: 12A-00948
ERROR main JDSMigration.Inward - City, State, District and Country not found, will append Adoor to remarks: 12A-00949
ERROR main JDSMigration.Inward - City, State, District and Country not found, will append Burdwan to remarks: 12A-00951
ERROR main JDSMigration.Inward - City, State, District and Country not found, will append RR Dist to remarks: 12A-00954
ERROR main JDSMigration.Inward - City, State, District and Country not found, will append Gangapur to remarks: 12A-00958
ERROR main JDSMigration.Inward - City, State, District and Country not found, will append Narasaropet to remarks: 12A-00964
ERROR main JDSMigration.Inward - City, State, District and Country not found, will append Banaskantha to remarks: 12A-00970
ERROR main JDSMigration.Inward - City, State, District and Country not found, will append Ranni to remarks: 12A-00978
ERROR main JDSMigration.Inward - City, State, District and Country not found, will append RR Dist to remarks: 12A-00993
ERROR main JDSMigration.Inward - City, State, District and Country not found, will append Dandeli to remarks: 12A-00997
ERROR main JDSMigration.Inward - City, State, District and Country not found, will append Nitte to remarks: 12A-01000
ERROR main JDSMigration.Inward - City, State, District and Country not found, will append Thanikella to remarks: 12A-01004
ERROR main JDSMigration.Inward - City, State, District and Country not found, will append TV Malai to remarks: 12A-01013
ERROR main JDSMigration.Inward - City, State, District and Country not found, will append Levengipuram to remarks: 12A-01022
ERROR main JDSMigration.Inward - City, State, District and Country not found, will append Kameng to remarks: 12A-01032
ERROR main JDSMigration.Inward - City, State, District and Country not found, will append Aizwal to remarks: 12A-01034
ERROR main JDSMigration.Inward - City, State, District and Country not found, will append Mullana to remarks: 12A-01041
ERROR main JDSMigration.Inward - City, State, District and Country not found, will append Fatehgrah to remarks: 12A-01043
ERROR main JDSMigration.Inward - City, State, District and Country not found, will append  to remarks: 12A-01045
ERROR main JDSMigration.Inward - City, State, District and Country not found, will append Alwaye to remarks: 12A-01063
ERROR main JDSMigration.Inward - City, State, District and Country not found, will append Shivle to remarks: 12A-01065
ERROR main JDSMigration.Inward - City, State, District and Country not found, will append Harihar to remarks: 12A-01066
ERROR main JDSMigration.Inward - City, State, District and Country not found, will append Kowdiar to remarks: 12A-01068
ERROR main JDSMigration.Inward - City, State, District and Country not found, will append Rourkela to remarks: 12A-01071
ERROR main JDSMigration.Inward - City, State, District and Country not found, will append Varnasi to remarks: 12A-01083
ERROR main JDSMigration.Inward - City, State, District and Country not found, will append Raj to remarks: 12A-01085
ERROR main JDSMigration.Inward - City, State, District and Country not found, will append RR Dist to remarks: 12A-01086
ERROR main JDSMigration.Inward - City, State, District and Country not found, will append RR Dist to remarks: 12A-01088
ERROR main JDSMigration.Inward - City, State, District and Country not found, will append Raj to remarks: 12A-01090
ERROR main JDSMigration.Inward - City, State, District and Country not found, will append Jalgon to remarks: 12A-01091
ERROR main JDSMigration.Inward - City, State, District and Country not found, will append subcription to remarks: 12A-01096
ERROR main JDSMigration.Inward - City, State, District and Country not found, will append Komarapalayam to remarks: 12A-01103
ERROR main JDSMigration.Inward - City, State, District and Country not found, will append Gokak to remarks: 12A-01125
ERROR main JDSMigration.Inward - City, State, District and Country not found, will append Kalka to remarks: 12A-01134
ERROR main JDSMigration.Inward - City, State, District and Country not found, will append Goalpura to remarks: 12A-01135
ERROR main JDSMigration.Inward - City, State, District and Country not found, will append Kadapa to remarks: 12A-01137
ERROR main JDSMigration.Inward - City, State, District and Country not found, will append Changa to remarks: 12A-01138
ERROR main JDSMigration.Inward - City, State, District and Country not found, will append EastGodavari to remarks: 12A-01141
ERROR main JDSMigration.Inward - City, State, District and Country not found, will append Karivattom to remarks: 12A-01148
ERROR main JDSMigration.Inward - City, State, District and Country not found, will append  to remarks: 12A-01149
ERROR main JDSMigration.Inward - Could not find inward reason reg worshop refund
ERROR main JDSMigration.Inward - Could not find inward reason 
ERROR main JDSMigration.Inward - City, State, District and Country not found, will append Sivasagar to remarks: 12A-01158
ERROR main JDSMigration.Inward - City, State, District and Country not found, will append Arumbakkam to remarks: 12A-01169
ERROR main JDSMigration.Inward - City, State, District and Country not found, will append Tadepalligudem to remarks: 12A-01171
ERROR main JDSMigration.Inward - City, State, District and Country not found, will append Raigad to remarks: 12A-01179
ERROR main JDSMigration.Inward - City, State, District and Country not found, will append Pulivndla to remarks: 12A-01190
ERROR main JDSMigration.Inward - City, State, District and Country not found, will append EG Dist to remarks: 12A-01211
ERROR main JDSMigration.Inward - City, State, District and Country not found, will append Virudhanagar to remarks: 12A-01219
ERROR main JDSMigration.Inward - City, State, District and Country not found, will append Vidyanagar to remarks: 12A-01221
ERROR main JDSMigration.Inward - City, State, District and Country not found, will append Banmg to remarks: 12A-01222
ERROR main JDSMigration.Inward - City, State, District and Country not found, will append Somasipadi to remarks: 12A-01225
ERROR main JDSMigration.Inward - City, State, District and Country not found, will append Karungal to remarks: 12A-01230
ERROR main JDSMigration.Inward - City, State, District and Country not found, will append Allagadda to remarks: 12A-01232
ERROR main JDSMigration.Inward - Could not find inward reason 
ERROR main JDSMigration.Inward - City, State, District and Country not found, will append Ulahasanagar to remarks: 12A-01243
ERROR main JDSMigration.Inward - City, State, District and Country not found, will append Beed to remarks: 12A-01247
ERROR main JDSMigration.Inward - City, State, District and Country not found, will append Chikkabllapur to remarks: 12B-01264
ERROR main JDSMigration.Inward - City, State, District and Country not found, will append Trippur to remarks: 12B-01268
ERROR main JDSMigration.Inward - City, State, District and Country not found, will append Karwar to remarks: 12B-01270
ERROR main JDSMigration.Inward - City, State, District and Country not found, will append Karivattom to remarks: 12B-01272
ERROR main JDSMigration.Inward - City, State, District and Country not found, will append Mudhol to remarks: 12B-01278
ERROR main JDSMigration.Inward - City, State, District and Country not found, will append Balod to remarks: 12B-01285
ERROR main JDSMigration.Inward - City, State, District and Country not found, will append Manipal to remarks: 12B-01295
ERROR main JDSMigration.Inward - City, State, District and Country not found, will append Marakapur to remarks: 12B-01303
ERROR main JDSMigration.Inward - City, State, District and Country not found, will append Beed to remarks: 12B-01310
ERROR main JDSMigration.Inward - City, State, District and Country not found, will append Tiruchendur to remarks: 12B-01313
ERROR main JDSMigration.Inward - City, State, District and Country not found, will append Tenkasi to remarks: 12B-01318
ERROR main JDSMigration.Inward - City, State, District and Country not found, will append Alllahabad to remarks: 12B-01321
ERROR main JDSMigration.Inward - City, State, District and Country not found, will append Nandura to remarks: 12B-01324
ERROR main JDSMigration.Inward - City, State, District and Country not found, will append Chhattisgarh to remarks: 12B-01325
ERROR main JDSMigration.Inward - Could not find inward reason fellowship
ERROR main JDSMigration.Inward - Could not find inward reason fellowship
ERROR main JDSMigration.Inward - City, State, District and Country not found, will append Chickabalpur to remarks: 12B-01329
ERROR main JDSMigration.Inward - City, State, District and Country not found, will append Jagadhri to remarks: 12B-01337
ERROR main JDSMigration.Inward - City, State, District and Country not found, will append Pollachi to remarks: 12B-01353
ERROR main JDSMigration.Inward - City, State, District and Country not found, will append  to remarks: 12B-01374
ERROR main JDSMigration.Inward - City, State, District and Country not found, will append Bulanshahr to remarks: 12B-01375
ERROR main JDSMigration.Inward - City, State, District and Country not found, will append Varnasi to remarks: 12B-01384
ERROR main JDSMigration.Inward - City, State, District and Country not found, will append Vsm to remarks: 12B-01385
ERROR main JDSMigration.Inward - City, State, District and Country not found, will append Tiruvelveli to remarks: 12B-01386
ERROR main JDSMigration.Inward - City, State, District and Country not found, will append Raj to remarks: 12B-01390
ERROR main JDSMigration.Inward - City, State, District and Country not found, will append Bhopl to remarks: 12B-01393
ERROR main JDSMigration.Inward - City, State, District and Country not found, will append Yamunanagr to remarks: 12B-01402
ERROR main JDSMigration.Inward - City, State, District and Country not found, will append Singapur to remarks: 12B-01404
ERROR main JDSMigration.Inward - City, State, District and Country not found, will append Parangipettai to remarks: 12B-01425
ERROR main JDSMigration.Inward - City, State, District and Country not found, will append Kanchipuram to remarks: 12B-01426
ERROR main JDSMigration.Inward - City, State, District and Country not found, will append Kucknow to remarks: 12B-01430
ERROR main JDSMigration.Inward - City, State, District and Country not found, will append Thoothkudi to remarks: 12B-01431
ERROR main JDSMigration.Inward - City, State, District and Country not found, will append Beed to remarks: 12B-01443
ERROR main JDSMigration.Inward - City, State, District and Country not found, will append Tirupanandal to remarks: 12B-01444
ERROR main JDSMigration.Inward - City, State, District and Country not found, will append Ramachandrapuram to remarks: 12B-01445
ERROR main JDSMigration.Inward - City, State, District and Country not found, will append Shivle to remarks: 12B-01449
ERROR main JDSMigration.Inward - City, State, District and Country not found, will append KKR to remarks: 12B-01454
ERROR main JDSMigration.Inward - City, State, District and Country not found, will append Chhattisgarh to remarks: 12B-01455
ERROR main JDSMigration.Inward - Could not find inward reason bv
ERROR main JDSMigration.Inward - City, State, District and Country not found, will append Gondia to remarks: 12B-01468
ERROR main JDSMigration.Inward - City, State, District and Country not found, will append Chhattisgarh to remarks: 12B-01473
ERROR main JDSMigration.Inward - City, State, District and Country not found, will append Dehra Dun to remarks: 12B-01474
ERROR main JDSMigration.Inward - City, State, District and Country not found, will append Hridaypur to remarks: 12B-01476
ERROR main JDSMigration.Inward - City, State, District and Country not found, will append Pilani to remarks: 12B-01478
ERROR main JDSMigration.Inward - City, State, District and Country not found, will append Kavali to remarks: 12B-01480
ERROR main JDSMigration.Inward - City, State, District and Country not found, will append R T Nagar to remarks: 12B-01485
ERROR main JDSMigration.Inward - City, State, District and Country not found, will append Pulivendula to remarks: 12B-01486
ERROR main JDSMigration.Inward - City, State, District and Country not found, will append Santiniketan to remarks: 12B-01487
ERROR main JDSMigration.Inward - City, State, District and Country not found, will append Dapoli to remarks: 12B-01502
ERROR main JDSMigration.Inward - City, State, District and Country not found, will append Gudivada to remarks: 12B-01512
ERROR main JDSMigration.Inward - City, State, District and Country not found, will append Cimbatore to remarks: 12B-01514
ERROR main JDSMigration.Inward - City, State, District and Country not found, will append subcription to remarks: 12B-01516
ERROR main JDSMigration.Inward - City, State, District and Country not found, will append Itanagar to remarks: 12B-01517
ERROR main JDSMigration.Inward - City, State, District and Country not found, will append Itanagar to remarks: 12B-01520
ERROR main JDSMigration.Inward - City, State, District and Country not found, will append Kormangala to remarks: 12B-01523
ERROR main JDSMigration.Inward - City, State, District and Country not found, will append J& K to remarks: 12B-01527
ERROR main JDSMigration.Inward - City, State, District and Country not found, will append Chintamani to remarks: 12B-01542
ERROR main JDSMigration.Inward - City, State, District and Country not found, will append Sewani to remarks: 12B-01550
ERROR main JDSMigration.Inward - City, State, District and Country not found, will append Sawyerpuram to remarks: 12B-01577
ERROR main JDSMigration.Inward - City, State, District and Country not found, will append Madikeri to remarks: 12B-01586
ERROR main JDSMigration.Inward - City, State, District and Country not found, will append TV Malai to remarks: 12B-01594
ERROR main JDSMigration.Inward - City, State, District and Country not found, will append Secunderabad to remarks: 12B-01600
ERROR main JDSMigration.Inward - City, State, District and Country not found, will append Tiruchengode to remarks: 12B-01604
ERROR main JDSMigration.Inward - City, State, District and Country not found, will append Gannavaram to remarks: 12B-01606
ERROR main JDSMigration.Inward - City, State, District and Country not found, will append Pandalam to remarks: 12B-01616
ERROR main JDSMigration.Inward - City, State, District and Country not found, will append Painavu to remarks: 12B-01617
ERROR main JDSMigration.Inward - City, State, District and Country not found, will append Chhattisgarh to remarks: 12B-01618
ERROR main JDSMigration.Inward - City, State, District and Country not found, will append Muvattupuzha to remarks: 12B-01621
ERROR main JDSMigration.Inward - City, State, District and Country not found, will append Aizwal to remarks: 12B-01628
ERROR main JDSMigration.Inward - City, State, District and Country not found, will append Malkapur to remarks: 12B-01630
ERROR main JDSMigration.Inward - City, State, District and Country not found, will append Sawantwadi to remarks: 12B-01637
ERROR main JDSMigration.Inward - City, State, District and Country not found, will append Palampur to remarks: 12B-01644
ERROR main JDSMigration.Inward - City, State, District and Country not found, will append Asaam to remarks: 12B-01647
ERROR main JDSMigration.Inward - Could not find inward reason fellowship
ERROR main JDSMigration.Inward - City, State, District and Country not found, will append A& N islands to remarks: 12B-01650
ERROR main JDSMigration.Inward - Could not find inward reason ld
ERROR main JDSMigration.Inward - City, State, District and Country not found, will append EG Dist to remarks: 12B-01661
ERROR main JDSMigration.Inward - City, State, District and Country not found, will append EG Dist to remarks: 12B-01662
ERROR main JDSMigration.Inward - City, State, District and Country not found, will append Ropar to remarks: 12B-01665
ERROR main JDSMigration.Inward - City, State, District and Country not found, will append Khanna to remarks: 12B-01669
ERROR main JDSMigration.Inward - City, State, District and Country not found, will append Ambla to remarks: 12B-01674
ERROR main JDSMigration.Inward - City, State, District and Country not found, will append Alibag to remarks: 12B-01675
ERROR main JDSMigration.Inward - City, State, District and Country not found, will append Budgam to remarks: 12B-01681
ERROR main JDSMigration.Inward - City, State, District and Country not found, will append Shrigonda to remarks: 12B-01682
ERROR main JDSMigration.Inward - City, State, District and Country not found, will append Chhattisgarh to remarks: 12B-01684
ERROR main JDSMigration.Inward - City, State, District and Country not found, will append Gondia to remarks: 12B-01686
ERROR main JDSMigration.Inward - City, State, District and Country not found, will append Kumta to remarks: 12B-01691
ERROR main JDSMigration.Inward - City, State, District and Country not found, will append Belagvi to remarks: 12B-01695
ERROR main JDSMigration.Inward - City, State, District and Country not found, will append Keeranur to remarks: 12B-01699
ERROR main JDSMigration.Inward - City, State, District and Country not found, will append Miraj to remarks: 12B-01704
ERROR main JDSMigration.Inward - City, State, District and Country not found, will append Srivilliputtur to remarks: 12B-01705
ERROR main JDSMigration.Inward - City, State, District and Country not found, will append Payyannur to remarks: 12B-01708
ERROR main JDSMigration.Inward - City, State, District and Country not found, will append Bemlnagar to remarks: 12B-01720
ERROR main JDSMigration.Inward - City, State, District and Country not found, will append Kalladikode to remarks: 12B-01721
ERROR main JDSMigration.Inward - City, State, District and Country not found, will append Poochakkal to remarks: 12B-01722
ERROR main JDSMigration.Inward - City, State, District and Country not found, will append Kadapa to remarks: 12B-01727
ERROR main JDSMigration.Inward - City, State, District and Country not found, will append Karad to remarks: 12B-01736
ERROR main JDSMigration.Inward - City, State, District and Country not found, will append Majalgaon to remarks: 12B-01738
ERROR main JDSMigration.Inward - City, State, District and Country not found, will append Harihar to remarks: 12B-01739
ERROR main JDSMigration.Inward - City, State, District and Country not found, will append Sivangangai to remarks: 12B-01740
ERROR main JDSMigration.Inward - City, State, District and Country not found, will append Sivakai to remarks: 12B-01744
ERROR main JDSMigration.Inward - City, State, District and Country not found, will append Martandam to remarks: 12B-01758
ERROR main JDSMigration.Inward - City, State, District and Country not found, will append Sirsi to remarks: 12B-01759
ERROR main JDSMigration.Inward - City, State, District and Country not found, will append Tholudur to remarks: 12B-01760
ERROR main JDSMigration.Inward - City, State, District and Country not found, will append Moodbidri to remarks: 12B-01762
